Using pre-set license
Built from '2020.3/staging' branch; Version is '2020.3.19f1 (68f137dc9bbe) revision 6877495'; Using compiler version '192528614'; Build Type 'Release'
OS: 'Windows 10 Home; OS build 19043.1586; Version 2009; 64bit' Language: 'ru' Physical Memory: 6018 MB
BatchMode: 1, IsHumanControllingUs: 0, StartBugReporterOnCrash: 0, Is64bit: 1, IsPro: 0

COMMAND LINE ARGUMENTS:
C:\Program Files\Unity\Hub\Editor\2020.3.19f1\Editor\Unity.exe
-adb2
-batchMode
-noUpm
-name
AssetImportWorker5
-projectPath
C:/Users/sergo/Documents/GitHub/platf
-logFile
Logs/AssetImportWorker5.log
-srvPort
58668
Successfully changed project path to: C:/Users/sergo/Documents/GitHub/platf
C:/Users/sergo/Documents/GitHub/platf
Using Asset Import Pipeline V2.
Refreshing native plugins compatible for Editor in 159.07 ms, found 3 plugins.
Preloading 0 native plugins for Editor in 0.00 ms.
Initialize engine version: 2020.3.19f1 (68f137dc9bbe)
[Subsystems] Discovering subsystems at path C:/Program Files/Unity/Hub/Editor/2020.3.19f1/Editor/Data/Resources/UnitySubsystems
[Subsystems] Discovering subsystems at path C:/Users/sergo/Documents/GitHub/platf/Assets
GfxDevice: creating device client; threaded=0
Direct3D:
    Version:  Direct3D 11.0 [level 11.1]
    Renderer: NVIDIA GeForce GTX 1650 (ID=0x1f91)
    Vendor:   
    VRAM:     3962 MB
    Driver:   27.21.14.5655
Initialize mono
Mono path[0] = 'C:/Program Files/Unity/Hub/Editor/2020.3.19f1/Editor/Data/Managed'
Mono path[1] = 'C:/Program Files/Unity/Hub/Editor/2020.3.19f1/Editor/Data/MonoBleedingEdge/lib/mono/unityjit'
Mono config path = 'C:/Program Files/Unity/Hub/Editor/2020.3.19f1/Editor/Data/MonoBleedingEdge/etc'
Using monoOptions --debugger-agent=transport=dt_socket,embedding=1,server=y,suspend=n,address=127.0.0.1:56272
Begin MonoManager ReloadAssembly
Registering precompiled unity dll's ...
Register platform support module: C:/Program Files/Unity/Hub/Editor/2020.3.19f1/Editor/Data/PlaybackEngines/WindowsStandaloneSupport/UnityEditor.WindowsStandalone.Extensions.dll
Registered in 0.006926 seconds.
Native extension for WindowsStandalone target not found
Refreshing native plugins compatible for Editor in 152.03 ms, found 3 plugins.
Preloading 0 native plugins for Editor in 0.00 ms.
Mono: successfully reloaded assembly
- Completed reload, in  6.492 seconds
Domain Reload Profiling:
	ReloadAssembly (6493ms)
		BeginReloadAssembly (184ms)
			ExecutionOrderSort (0ms)
			DisableScriptedObjects (0ms)
			BackupInstance (0ms)
			ReleaseScriptingObjects (0ms)
			CreateAndSetChildDomain (2ms)
		EndReloadAssembly (1344ms)
			LoadAssemblies (175ms)
			RebuildTransferFunctionScriptingTraits (0ms)
			SetupTypeCache (471ms)
			ReleaseScriptCaches (0ms)
			RebuildScriptCaches (92ms)
			SetupLoadedEditorAssemblies (570ms)
				LogAssemblyErrors (0ms)
				InitializePlatformSupportModulesInManaged (12ms)
				SetLoadedEditorAssemblies (1ms)
				RefreshPlugins (152ms)
				BeforeProcessingInitializeOnLoad (40ms)
				ProcessInitializeOnLoadAttributes (274ms)
				ProcessInitializeOnLoadMethodAttributes (90ms)
				AfterProcessingInitializeOnLoad (0ms)
				EditorAssembliesLoaded (1ms)
			ExecutionOrderSort2 (0ms)
			AwakeInstancesAfterBackupRestoration (0ms)
Platform modules already initialized, skipping
Registering precompiled user dll's ...
Registered in 0.011260 seconds.
Begin MonoManager ReloadAssembly
Native extension for WindowsStandalone target not found
Refreshing native plugins compatible for Editor in 147.45 ms, found 3 plugins.
Preloading 0 native plugins for Editor in 0.00 ms.
Mono: successfully reloaded assembly
- Completed reload, in  4.820 seconds
Domain Reload Profiling:
	ReloadAssembly (4842ms)
		BeginReloadAssembly (452ms)
			ExecutionOrderSort (0ms)
			DisableScriptedObjects (14ms)
			BackupInstance (0ms)
			ReleaseScriptingObjects (0ms)
			CreateAndSetChildDomain (56ms)
		EndReloadAssembly (4041ms)
			LoadAssemblies (304ms)
			RebuildTransferFunctionScriptingTraits (0ms)
			SetupTypeCache (894ms)
			ReleaseScriptCaches (1ms)
			RebuildScriptCaches (152ms)
			SetupLoadedEditorAssemblies (2317ms)
				LogAssemblyErrors (0ms)
				InitializePlatformSupportModulesInManaged (12ms)
				SetLoadedEditorAssemblies (0ms)
				RefreshPlugins (148ms)
				BeforeProcessingInitializeOnLoad (277ms)
				ProcessInitializeOnLoadAttributes (1790ms)
				ProcessInitializeOnLoadMethodAttributes (63ms)
				AfterProcessingInitializeOnLoad (26ms)
				EditorAssembliesLoaded (0ms)
			ExecutionOrderSort2 (0ms)
			AwakeInstancesAfterBackupRestoration (23ms)
Platform modules already initialized, skipping
========================================================================
Worker process is ready to serve import requests
Launched and connected shader compiler UnityShaderCompiler.exe after 0.34 seconds
Refreshing native plugins compatible for Editor in 1.59 ms, found 3 plugins.
Preloading 0 native plugins for Editor in 0.00 ms.
Unloading 2097 Unused Serialized files (Serialized files now loaded: 0)
System memory in use before: 93.5 MB.
System memory in use after: 93.6 MB.

Unloading 26 unused Assets to reduce memory usage. Loaded Objects now: 2538.
Total: 9.001700 ms (FindLiveObjects: 0.524200 ms CreateObjectMapping: 0.130900 ms MarkObjects: 8.147900 ms  DeleteObjects: 0.195500 ms)

AssetImportParameters requested are different than current active one (requested -> active):
  custom:framework-win-MediaFoundation: 216162199b28c13a410421893ffa2e32 -> 
  custom:video-decoder-ogg-theora: a1e56fd34408186e4bbccfd4996cb3dc -> 
  custom:container-muxer-webm: aa71ff27fc2769a1b78a27578f13a17b -> 
  custom:container-demuxer-webm: 4f35f7cbe854078d1ac9338744f61a02 -> 
  custom:container-demuxer-ogg: 62fdf1f143b41e24485cea50d1cbac27 -> 
  custom:video-encoder-webm-vp8: eb34c28f22e8b96e1ab97ce403110664 -> 
  custom:video-decoder-webm-vp8: 9c59270c3fd7afecdb556c50c9e8de78 -> 
  custom:audio-decoder-ogg-vorbis: bf7c407c2cedff20999df2af8eb42d56 -> 
  custom:audio-encoder-webm-vorbis: bf7c407c2cedff20999df2af8eb42d56 -> 
========================================================================
Received Import Request.
  path: Assets/AssetStore/Hero and Opponents/Sprites/Player/Idle/idle-with-weapon-6.png
  artifactKey: Guid(fb5f9717f838eca4995e15adeff4ddbb) Importer(815301076,1909f56bfc062723c751e8b465ee728b)
Start importing Assets/AssetStore/Hero and Opponents/Sprites/Player/Idle/idle-with-weapon-6.png using Guid(fb5f9717f838eca4995e15adeff4ddbb) Importer(815301076,1909f56bfc062723c751e8b465ee728b)  -> (artifact id: '2ece8400f93209397157a1706bd94852') in 0.465664 seconds 
  Import took 0.475318 seconds .

========================================================================
Received Import Request.
  Time since last request: 0.000561 seconds.
  path: Assets/AssetStore/Hero and Opponents/Sprites/Player/walk-with-weapon-1.png
  artifactKey: Guid(2a25ca5ed66f7e54c8e97c7ce3315866) Importer(815301076,1909f56bfc062723c751e8b465ee728b)
Start importing Assets/AssetStore/Hero and Opponents/Sprites/Player/walk-with-weapon-1.png using Guid(2a25ca5ed66f7e54c8e97c7ce3315866) Importer(815301076,1909f56bfc062723c751e8b465ee728b)  -> (artifact id: '5daec5a06502a926e92f6bacc7af24c3') in 0.052267 seconds 
  Import took 0.064395 seconds .

========================================================================
Received Import Request.
  Time since last request: 0.000590 seconds.
  path: Assets/AssetStore/Hero and Opponents/Sprites/Player/walk-with-weapon-7.png
  artifactKey: Guid(0d74f26aebcad7746a6f3eb653d1c254) Importer(815301076,1909f56bfc062723c751e8b465ee728b)
Start importing Assets/AssetStore/Hero and Opponents/Sprites/Player/walk-with-weapon-7.png using Guid(0d74f26aebcad7746a6f3eb653d1c254) Importer(815301076,1909f56bfc062723c751e8b465ee728b)  -> (artifact id: 'a774c942bbd889d78c6569622032d14f') in 0.072441 seconds 
  Import took 0.081901 seconds .

========================================================================
Received Import Request.
  Time since last request: 0.000521 seconds.
  path: Assets/AssetStore/Hero and Opponents/Sprites/Player/Idle/idle-with-weapon-5.png
  artifactKey: Guid(b1736965bc1a4e54bb489175ff556588) Importer(815301076,1909f56bfc062723c751e8b465ee728b)
Start importing Assets/AssetStore/Hero and Opponents/Sprites/Player/Idle/idle-with-weapon-5.png using Guid(b1736965bc1a4e54bb489175ff556588) Importer(815301076,1909f56bfc062723c751e8b465ee728b)  -> (artifact id: '19ea0a03d744440d8e944bbf32658116') in 0.057105 seconds 
  Import took 0.089609 seconds .

========================================================================
Received Import Request.
  Time since last request: 0.000887 seconds.
  path: Assets/AssetStore/Hero and Opponents/Sprites/Player/Idle
  artifactKey: Guid(99b63ef194bd8cf40bb92cb93144eb7a) Importer(815301076,1909f56bfc062723c751e8b465ee728b)
Start importing Assets/AssetStore/Hero and Opponents/Sprites/Player/Idle using Guid(99b63ef194bd8cf40bb92cb93144eb7a) Importer(815301076,1909f56bfc062723c751e8b465ee728b)  -> (artifact id: '65053edbca270b0d97fd93bc3ceb1487') in 0.017430 seconds 
  Import took 0.029172 seconds .

========================================================================
Received Import Request.
  Time since last request: 0.000559 seconds.
  path: Assets/AssetStore/Hero and Opponents/Sprites/Player/walk-with-weapon-9.png
  artifactKey: Guid(66dc4d1a395296e419ef441397056b88) Importer(815301076,1909f56bfc062723c751e8b465ee728b)
Start importing Assets/AssetStore/Hero and Opponents/Sprites/Player/walk-with-weapon-9.png using Guid(66dc4d1a395296e419ef441397056b88) Importer(815301076,1909f56bfc062723c751e8b465ee728b)  -> (artifact id: 'e5b43966be64560b602a99d51096002f') in 0.069757 seconds 
  Import took 0.082818 seconds .

========================================================================
Received Import Request.
  Time since last request: 0.000627 seconds.
  path: Assets/AssetStore/Hero and Opponents/Sprites/Player/walk-with-weapon-5.png
  artifactKey: Guid(e0ebb88f3d6e3ac45a706d9ae526756a) Importer(815301076,1909f56bfc062723c751e8b465ee728b)
Start importing Assets/AssetStore/Hero and Opponents/Sprites/Player/walk-with-weapon-5.png using Guid(e0ebb88f3d6e3ac45a706d9ae526756a) Importer(815301076,1909f56bfc062723c751e8b465ee728b)  -> (artifact id: 'f2a897874e02e8813fb660ee2fe5cac2') in 0.065174 seconds 
  Import took 0.077050 seconds .

========================================================================
Received Import Request.
  Time since last request: 0.000421 seconds.
  path: Assets/AssetStore/Hero and Opponents/Sprites/Player/Idle/idle-3.png
  artifactKey: Guid(f501a61d4a9970448b0b3cc7896c8ead) Importer(815301076,1909f56bfc062723c751e8b465ee728b)
Start importing Assets/AssetStore/Hero and Opponents/Sprites/Player/Idle/idle-3.png using Guid(f501a61d4a9970448b0b3cc7896c8ead) Importer(815301076,1909f56bfc062723c751e8b465ee728b)  -> (artifact id: '8b511d34eeac8fe4918cc6091fd638c3') in 0.062987 seconds 
  Import took 0.085782 seconds .

========================================================================
Received Import Request.
  Time since last request: 0.000489 seconds.
  path: Assets/AssetStore/Hero and Opponents/Sprites/Player/Idle/idle-with-weapon-4.png
  artifactKey: Guid(87fcc504506f3ec4da38b61664d2bc28) Importer(815301076,1909f56bfc062723c751e8b465ee728b)
Start importing Assets/AssetStore/Hero and Opponents/Sprites/Player/Idle/idle-with-weapon-4.png using Guid(87fcc504506f3ec4da38b61664d2bc28) Importer(815301076,1909f56bfc062723c751e8b465ee728b)  -> (artifact id: '88ee394215de053a4fe5f8af6b129a07') in 0.054946 seconds 
  Import took 0.064797 seconds .

========================================================================
Received Import Request.
  Time since last request: 0.000444 seconds.
  path: Assets/AssetStore/Hero and Opponents/Sprites/Player/walk-with-weapon-2.png
  artifactKey: Guid(13817b3cf750ff740947d2af54cd6194) Importer(815301076,1909f56bfc062723c751e8b465ee728b)
Start importing Assets/AssetStore/Hero and Opponents/Sprites/Player/walk-with-weapon-2.png using Guid(13817b3cf750ff740947d2af54cd6194) Importer(815301076,1909f56bfc062723c751e8b465ee728b)  -> (artifact id: '63c0b44d9b10a5721274fd327fbd69fd') in 0.062284 seconds 
  Import took 0.094026 seconds .

========================================================================
Received Import Request.
  Time since last request: 0.000453 seconds.
  path: Assets/AssetStore/Hero and Opponents/Sprites/Player/Idle/idle-with-weapon-1.png
  artifactKey: Guid(58ae80fcbafaf43409f6c37383ba9a8c) Importer(815301076,1909f56bfc062723c751e8b465ee728b)
Start importing Assets/AssetStore/Hero and Opponents/Sprites/Player/Idle/idle-with-weapon-1.png using Guid(58ae80fcbafaf43409f6c37383ba9a8c) Importer(815301076,1909f56bfc062723c751e8b465ee728b)  -> (artifact id: 'b2c90854bb60ee551f25b98898c34093') in 0.058402 seconds 
  Import took 0.068313 seconds .

========================================================================
Received Import Request.
  Time since last request: 0.000472 seconds.
  path: Assets/AssetStore/Hero and Opponents/Sprites/Player/walk-with-weapon-4.png
  artifactKey: Guid(88b8a8e2c56d2ce41850d0d95fee3e00) Importer(815301076,1909f56bfc062723c751e8b465ee728b)
Start importing Assets/AssetStore/Hero and Opponents/Sprites/Player/walk-with-weapon-4.png using Guid(88b8a8e2c56d2ce41850d0d95fee3e00) Importer(815301076,1909f56bfc062723c751e8b465ee728b)  -> (artifact id: '1525f68618fb344db7b2eaaf5eb35ff4') in 0.111666 seconds 
  Import took 0.150616 seconds .

========================================================================
Received Import Request.
  Time since last request: 0.000481 seconds.
  path: Assets/AssetStore/Hero and Opponents/Sprites/Player/walk-with-weapon-10.png
  artifactKey: Guid(1b61cad2f73466c468eb7e75edbb930e) Importer(815301076,1909f56bfc062723c751e8b465ee728b)
Start importing Assets/AssetStore/Hero and Opponents/Sprites/Player/walk-with-weapon-10.png using Guid(1b61cad2f73466c468eb7e75edbb930e) Importer(815301076,1909f56bfc062723c751e8b465ee728b)  -> (artifact id: 'b4e0361514d079a93a659cd9e7a1a477') in 0.161293 seconds 
  Import took 0.170245 seconds .

========================================================================
Received Import Request.
  Time since last request: 0.001131 seconds.
  path: Assets/AssetStore/Hero and Opponents/Sprites/Player/Idle/idle-2.png
  artifactKey: Guid(f300afea40f4b55489493f7033b37c97) Importer(815301076,1909f56bfc062723c751e8b465ee728b)
Start importing Assets/AssetStore/Hero and Opponents/Sprites/Player/Idle/idle-2.png using Guid(f300afea40f4b55489493f7033b37c97) Importer(815301076,1909f56bfc062723c751e8b465ee728b)  -> (artifact id: '39043f6564207e245c87c55e87cbb37f') in 0.053600 seconds 
  Import took 0.065556 seconds .

========================================================================
Received Import Request.
  Time since last request: 0.000729 seconds.
  path: Assets/AssetStore/Hero and Opponents/Sprites/Player/walk-with-weapon-11.png
  artifactKey: Guid(6b54e6c1b030f924ea6b6c2428036b07) Importer(815301076,1909f56bfc062723c751e8b465ee728b)
Start importing Assets/AssetStore/Hero and Opponents/Sprites/Player/walk-with-weapon-11.png using Guid(6b54e6c1b030f924ea6b6c2428036b07) Importer(815301076,1909f56bfc062723c751e8b465ee728b)  -> (artifact id: '6ec6f61bcf49d52e51f73c4170984b28') in 0.087065 seconds 
  Import took 0.099166 seconds .

========================================================================
Received Import Request.
  Time since last request: 0.000612 seconds.
  path: Assets/AssetStore/Hero and Opponents/Sprites/Player/Idle/idle-with-weapon-2.png
  artifactKey: Guid(b37b8f432f243d947b9c54d77b40d08c) Importer(815301076,1909f56bfc062723c751e8b465ee728b)
Start importing Assets/AssetStore/Hero and Opponents/Sprites/Player/Idle/idle-with-weapon-2.png using Guid(b37b8f432f243d947b9c54d77b40d08c) Importer(815301076,1909f56bfc062723c751e8b465ee728b)  -> (artifact id: '8c5ec4eb32527dd14aeeb94c55d345e2') in 0.052912 seconds 
  Import took 0.075926 seconds .

========================================================================
Received Import Request.
  Time since last request: 0.000804 seconds.
  path: Assets/AssetStore/Hero and Opponents/Sprites/Player/Idle/idle-6.png
  artifactKey: Guid(6ea677b9be2cefd4981135242e5dec7b) Importer(815301076,1909f56bfc062723c751e8b465ee728b)
Start importing Assets/AssetStore/Hero and Opponents/Sprites/Player/Idle/idle-6.png using Guid(6ea677b9be2cefd4981135242e5dec7b) Importer(815301076,1909f56bfc062723c751e8b465ee728b)  -> (artifact id: '3810beac18bdad48ea9da06701a53d81') in 0.064732 seconds 
  Import took 0.084577 seconds .

========================================================================
Received Import Request.
  Time since last request: 0.000611 seconds.
  path: Assets/AssetStore/Hero and Opponents/Sprites/Player/Idle/idle-5.png
  artifactKey: Guid(79e83ca8b68b68a41a992be54b982092) Importer(815301076,1909f56bfc062723c751e8b465ee728b)
Start importing Assets/AssetStore/Hero and Opponents/Sprites/Player/Idle/idle-5.png using Guid(79e83ca8b68b68a41a992be54b982092) Importer(815301076,1909f56bfc062723c751e8b465ee728b)  -> (artifact id: '207223beba7c02adaf4654bf181c7615') in 0.069922 seconds 
  Import took 0.095802 seconds .

========================================================================
Received Import Request.
  Time since last request: 0.000616 seconds.
  path: Assets/AssetStore/Hero and Opponents/Sprites/Player/walk-with-weapon-3.png
  artifactKey: Guid(3ea205e6dac68034db92b97d51d4ffd7) Importer(815301076,1909f56bfc062723c751e8b465ee728b)
Start importing Assets/AssetStore/Hero and Opponents/Sprites/Player/walk-with-weapon-3.png using Guid(3ea205e6dac68034db92b97d51d4ffd7) Importer(815301076,1909f56bfc062723c751e8b465ee728b)  -> (artifact id: '7e6f25698f3687789d4674d7c659c8ba') in 0.091897 seconds 
  Import took 0.101886 seconds .

========================================================================
Received Import Request.
  Time since last request: 0.000451 seconds.
  path: Assets/AssetStore/Hero and Opponents/Sprites/Player/Idle/idle-4.png
  artifactKey: Guid(9a71578d1e475394f97e3e3bc5e7ecb7) Importer(815301076,1909f56bfc062723c751e8b465ee728b)
Start importing Assets/AssetStore/Hero and Opponents/Sprites/Player/Idle/idle-4.png using Guid(9a71578d1e475394f97e3e3bc5e7ecb7) Importer(815301076,1909f56bfc062723c751e8b465ee728b)  -> (artifact id: '392d8fe1409852a45c0ee443272c9290') in 0.061400 seconds 
  Import took 0.096550 seconds .

========================================================================
Received Import Request.
  Time since last request: 0.000864 seconds.
  path: Assets/AssetStore/Hero and Opponents/Sprites/Player/walk-with-weapon-8.png
  artifactKey: Guid(7ef555a90bd480947946ac512b5cb5d7) Importer(815301076,1909f56bfc062723c751e8b465ee728b)
Start importing Assets/AssetStore/Hero and Opponents/Sprites/Player/walk-with-weapon-8.png using Guid(7ef555a90bd480947946ac512b5cb5d7) Importer(815301076,1909f56bfc062723c751e8b465ee728b)  -> (artifact id: '177eb59e58c61d014eaf05c5fefeef55') in 0.085807 seconds 
  Import took 0.098997 seconds .

========================================================================
Received Import Request.
  Time since last request: 0.000673 seconds.
  path: Assets/AssetStore/Hero and Opponents/Sprites/Player/Idle/idle-with-weapon-3.png
  artifactKey: Guid(8b699dda3b66e7149b3a3e0b4eeeff16) Importer(815301076,1909f56bfc062723c751e8b465ee728b)
Start importing Assets/AssetStore/Hero and Opponents/Sprites/Player/Idle/idle-with-weapon-3.png using Guid(8b699dda3b66e7149b3a3e0b4eeeff16) Importer(815301076,1909f56bfc062723c751e8b465ee728b)  -> (artifact id: '3ad11c941b62bbfcc8d6d7ce4acc5e74') in 0.141111 seconds 
  Import took 0.150727 seconds .

========================================================================
Received Import Request.
  Time since last request: 0.000458 seconds.
  path: Assets/AssetStore/Hero and Opponents/Sprites/Player/Idle/idle-1.png
  artifactKey: Guid(2ca88a89899d81c4d87d0a2aa225770d) Importer(815301076,1909f56bfc062723c751e8b465ee728b)
Start importing Assets/AssetStore/Hero and Opponents/Sprites/Player/Idle/idle-1.png using Guid(2ca88a89899d81c4d87d0a2aa225770d) Importer(815301076,1909f56bfc062723c751e8b465ee728b)  -> (artifact id: '2db766dbaaf192f04d2486a709a867f9') in 0.040717 seconds 
  Import took 0.051618 seconds .

========================================================================
Received Import Request.
  Time since last request: 0.000608 seconds.
  path: Assets/AssetStore/Hero and Opponents/Sprites/Player/walk-with-weapon-6.png
  artifactKey: Guid(edc98b22a0e5bd9438841ddd121b683b) Importer(815301076,1909f56bfc062723c751e8b465ee728b)
Start importing Assets/AssetStore/Hero and Opponents/Sprites/Player/walk-with-weapon-6.png using Guid(edc98b22a0e5bd9438841ddd121b683b) Importer(815301076,1909f56bfc062723c751e8b465ee728b)  -> (artifact id: '78fb7ac034265ed8350f0df0fcd54f56') in 0.157462 seconds 
  Import took 0.167874 seconds .

========================================================================
Received Import Request.
  Time since last request: 0.002362 seconds.
  path: Assets/AssetStore/Hero and Opponents/Scenes
  artifactKey: Guid(38762a89264457d46bb65741a18eb88a) Importer(815301076,1909f56bfc062723c751e8b465ee728b)
Start importing Assets/AssetStore/Hero and Opponents/Scenes using Guid(38762a89264457d46bb65741a18eb88a) Importer(815301076,1909f56bfc062723c751e8b465ee728b)  -> (artifact id: 'd13101288ffcd24c1684fb6cfbd2c97d') in 0.019798 seconds 
  Import took 0.124607 seconds .

========================================================================
Received Prepare
Registering precompiled user dll's ...
Registered in 0.181514 seconds.
Begin MonoManager ReloadAssembly
Native extension for WindowsStandalone target not found
Refreshing native plugins compatible for Editor in 2.17 ms, found 3 plugins.
Preloading 0 native plugins for Editor in 0.00 ms.
Mono: successfully reloaded assembly
- Completed reload, in  3.900 seconds
Domain Reload Profiling:
	ReloadAssembly (3916ms)
		BeginReloadAssembly (676ms)
			ExecutionOrderSort (0ms)
			DisableScriptedObjects (87ms)
			BackupInstance (0ms)
			ReleaseScriptingObjects (1ms)
			CreateAndSetChildDomain (249ms)
		EndReloadAssembly (3021ms)
			LoadAssemblies (305ms)
			RebuildTransferFunctionScriptingTraits (0ms)
			SetupTypeCache (900ms)
			ReleaseScriptCaches (3ms)
			RebuildScriptCaches (150ms)
			SetupLoadedEditorAssemblies (1307ms)
				LogAssemblyErrors (0ms)
				InitializePlatformSupportModulesInManaged (22ms)
				SetLoadedEditorAssemblies (3ms)
				RefreshPlugins (2ms)
				BeforeProcessingInitializeOnLoad (303ms)
				ProcessInitializeOnLoadAttributes (923ms)
				ProcessInitializeOnLoadMethodAttributes (23ms)
				AfterProcessingInitializeOnLoad (31ms)
				EditorAssembliesLoaded (1ms)
			ExecutionOrderSort2 (0ms)
			AwakeInstancesAfterBackupRestoration (38ms)
Platform modules already initialized, skipping
Refreshing native plugins compatible for Editor in 1.48 ms, found 3 plugins.
Preloading 0 native plugins for Editor in 0.00 ms.
Unloading 2087 Unused Serialized files (Serialized files now loaded: 0)
System memory in use before: 95.9 MB.
System memory in use after: 96.0 MB.

Unloading 14 unused Assets to reduce memory usage. Loaded Objects now: 2547.
Total: 10.066200 ms (FindLiveObjects: 0.548800 ms CreateObjectMapping: 0.135300 ms MarkObjects: 9.294900 ms  DeleteObjects: 0.083200 ms)

AssetImportParameters requested are different than current active one (requested -> active):
  custom:framework-win-MediaFoundation: 216162199b28c13a410421893ffa2e32 -> 
  custom:video-decoder-ogg-theora: a1e56fd34408186e4bbccfd4996cb3dc -> 
  custom:container-muxer-webm: aa71ff27fc2769a1b78a27578f13a17b -> 
  custom:container-demuxer-webm: 4f35f7cbe854078d1ac9338744f61a02 -> 
  custom:container-demuxer-ogg: 62fdf1f143b41e24485cea50d1cbac27 -> 
  custom:video-encoder-webm-vp8: eb34c28f22e8b96e1ab97ce403110664 -> 
  custom:video-decoder-webm-vp8: 9c59270c3fd7afecdb556c50c9e8de78 -> 
  custom:audio-decoder-ogg-vorbis: bf7c407c2cedff20999df2af8eb42d56 -> 
  custom:audio-encoder-webm-vorbis: bf7c407c2cedff20999df2af8eb42d56 -> 
========================================================================
Received Prepare
Registering precompiled user dll's ...
Registered in 0.009664 seconds.
Begin MonoManager ReloadAssembly
Native extension for WindowsStandalone target not found
Refreshing native plugins compatible for Editor in 1.24 ms, found 3 plugins.
Preloading 0 native plugins for Editor in 0.00 ms.
Mono: successfully reloaded assembly
- Completed reload, in  3.177 seconds
Domain Reload Profiling:
	ReloadAssembly (3179ms)
		BeginReloadAssembly (346ms)
			ExecutionOrderSort (0ms)
			DisableScriptedObjects (26ms)
			BackupInstance (0ms)
			ReleaseScriptingObjects (0ms)
			CreateAndSetChildDomain (98ms)
		EndReloadAssembly (2608ms)
			LoadAssemblies (289ms)
			RebuildTransferFunctionScriptingTraits (0ms)
			SetupTypeCache (899ms)
			ReleaseScriptCaches (3ms)
			RebuildScriptCaches (131ms)
			SetupLoadedEditorAssemblies (927ms)
				LogAssemblyErrors (0ms)
				InitializePlatformSupportModulesInManaged (16ms)
				SetLoadedEditorAssemblies (3ms)
				RefreshPlugins (1ms)
				BeforeProcessingInitializeOnLoad (276ms)
				ProcessInitializeOnLoadAttributes (582ms)
				ProcessInitializeOnLoadMethodAttributes (25ms)
				AfterProcessingInitializeOnLoad (23ms)
				EditorAssembliesLoaded (0ms)
			ExecutionOrderSort2 (0ms)
			AwakeInstancesAfterBackupRestoration (28ms)
Platform modules already initialized, skipping
Refreshing native plugins compatible for Editor in 1.66 ms, found 3 plugins.
Preloading 0 native plugins for Editor in 0.00 ms.
Unloading 2087 Unused Serialized files (Serialized files now loaded: 0)
System memory in use before: 96.0 MB.
System memory in use after: 96.1 MB.

Unloading 14 unused Assets to reduce memory usage. Loaded Objects now: 2550.
Total: 11.493800 ms (FindLiveObjects: 1.302400 ms CreateObjectMapping: 0.361200 ms MarkObjects: 9.760000 ms  DeleteObjects: 0.065900 ms)

AssetImportParameters requested are different than current active one (requested -> active):
  custom:framework-win-MediaFoundation: 216162199b28c13a410421893ffa2e32 -> 
  custom:video-decoder-ogg-theora: a1e56fd34408186e4bbccfd4996cb3dc -> 
  custom:container-muxer-webm: aa71ff27fc2769a1b78a27578f13a17b -> 
  custom:container-demuxer-webm: 4f35f7cbe854078d1ac9338744f61a02 -> 
  custom:container-demuxer-ogg: 62fdf1f143b41e24485cea50d1cbac27 -> 
  custom:video-encoder-webm-vp8: eb34c28f22e8b96e1ab97ce403110664 -> 
  custom:video-decoder-webm-vp8: 9c59270c3fd7afecdb556c50c9e8de78 -> 
  custom:audio-decoder-ogg-vorbis: bf7c407c2cedff20999df2af8eb42d56 -> 
  custom:audio-encoder-webm-vorbis: bf7c407c2cedff20999df2af8eb42d56 -> 
AssetImportWorkerClient::OnTransportError - code=2 error=End of file
